<?xml version="1.0" encoding="UTF-8"?>
<!-- Generated by org.testng.reporters.JUnitXMLReporter -->
<testsuite ignored="0" hostname="LAPTOP-DL2UKEQV" failures="1" tests="3" name="Error Validations Test" time="23.207" errors="0" timestamp="2024-03-14T10:20:04 IST">
  <testcase classname="ParentCompany.tests.ErrorValidationsTest" name="LoginErrorValidation" time="0.426">
    <skipped/>
  </testcase> <!-- LoginErrorValidation -->
  <testcase classname="ParentCompany.tests.ErrorValidationsTest" name="LoginErrorValidation" time="0.427">
    <failure type="java.lang.AssertionError" message="expected [Incorrect email or password.] but found [Incorrect email ooor password]">
      <![CDATA[java.lang.AssertionError: expected [Incorrect email or password.] but found [Incorrect email ooor password]
at ParentCompany.tests.ErrorValidationsTest.LoginErrorValidation(ErrorValidationsTest.java:25)
at java.base/java.util.ArrayList.forEach(ArrayList.java:1511)
... Removed 33 stack frames]]>
    </failure>
  </testcase> <!-- LoginErrorValidation -->
  <testcase classname="ParentCompany.tests.ErrorValidationsTest" name="ProductErrorValidation" time="13.268"/>
</testsuite> <!-- Error Validations Test -->
